2025-09-10 12:00:40 [main] INFO  Log - the congig is loading
2025-09-10 12:00:40 [main] INFO  Log - the driver is intilizing
2025-09-10 12:00:41 [main] WARN  Log - the given step satred executing
2025-09-10 12:00:47 [main] INFO  Log - the driver  is tearing down
2025-09-10 12:00:47 [main] INFO  Log - the congig is loading
2025-09-10 12:00:47 [main] INFO  Log - the driver is intilizing
2025-09-10 12:00:48 [main] WARN  Log - the given step satred executing
2025-09-10 12:00:53 [main] INFO  Log - the driver  is tearing down
2025-09-10 12:14:38 [main] INFO  Log - the congig is loading
2025-09-10 12:14:38 [main] INFO  Log - the driver is intilizing
2025-09-10 12:14:40 [main] WARN  Log - the given step satred executing
2025-09-10 12:14:46 [main] INFO  Log - the driver  is tearing down
2025-09-10 12:14:46 [main] INFO  Log - the congig is loading
2025-09-10 12:14:46 [main] INFO  Log - the driver is intilizing
2025-09-10 12:14:47 [main] WARN  Log - the given step satred executing
2025-09-10 12:14:51 [main] INFO  Log - the driver  is tearing down
2025-09-10 12:14:52 [main] INFO  Log - the congig is loading
2025-09-10 12:14:52 [main] INFO  Log - the driver is intilizing
2025-09-10 12:14:52 [main] WARN  Log - the given step satred executing
2025-09-10 12:15:00 [main] INFO  Log - the driver  is tearing down
2025-09-10 12:16:21 [main] INFO  Log - the congig is loading
2025-09-10 12:16:21 [main] INFO  Log - the driver is intilizing
2025-09-10 12:16:22 [main] WARN  Log - the given step satred executing
2025-09-10 12:16:28 [main] INFO  Log - the driver  is tearing down
2025-09-10 12:16:28 [main] INFO  Log - the congig is loading
2025-09-10 12:16:28 [main] INFO  Log - the driver is intilizing
2025-09-10 12:16:29 [main] WARN  Log - the given step satred executing
2025-09-10 12:16:40 [main] INFO  Log - the driver  is tearing down
2025-09-10 12:16:40 [main] INFO  Log - the congig is loading
2025-09-10 12:16:40 [main] INFO  Log - the driver is intilizing
2025-09-10 12:16:41 [main] WARN  Log - the given step satred executing
2025-09-10 12:16:49 [main] INFO  Log - the driver  is tearing down
2025-09-10 12:17:03 [main] INFO  Log - the congig is loading
2025-09-10 12:17:03 [main] INFO  Log - the driver is intilizing
2025-09-10 12:17:05 [main] WARN  Log - the given step satred executing
2025-09-10 12:17:10 [main] INFO  Log - the driver  is tearing down
2025-09-10 12:17:10 [main] INFO  Log - the congig is loading
2025-09-10 12:17:10 [main] INFO  Log - the driver is intilizing
2025-09-10 12:17:12 [main] WARN  Log - the given step satred executing
2025-09-10 12:17:17 [main] INFO  Log - the driver  is tearing down
2025-09-10 12:17:17 [main] INFO  Log - the congig is loading
2025-09-10 12:17:17 [main] INFO  Log - the driver is intilizing
2025-09-10 12:17:18 [main] WARN  Log - the given step satred executing
2025-09-10 12:17:23 [main] INFO  Log - the driver  is tearing down
2025-09-10 12:18:47 [TestNG-PoolService-3] INFO  Log - the congig is loading
2025-09-10 12:18:47 [TestNG-PoolService-4] INFO  Log - the congig is loading
2025-09-10 12:18:47 [TestNG-PoolService-2] INFO  Log - the congig is loading
2025-09-10 12:18:47 [TestNG-PoolService-1] INFO  Log - the congig is loading
2025-09-10 12:18:47 [TestNG-PoolService-1] INFO  Log - the driver is intilizing
2025-09-10 12:18:47 [TestNG-PoolService-4] INFO  Log - the driver is intilizing
2025-09-10 12:18:47 [TestNG-PoolService-3] INFO  Log - the driver is intilizing
2025-09-10 12:18:47 [TestNG-PoolService-2] INFO  Log - the driver is intilizing
2025-09-10 12:18:49 [TestNG-PoolService-2] WARN  Log - the given step satred executing
2025-09-10 12:18:49 [TestNG-PoolService-3] WARN  Log - the given step satred executing
2025-09-10 12:18:49 [TestNG-PoolService-1] WARN  Log - the given step satred executing
2025-09-10 12:18:49 [TestNG-PoolService-4] WARN  Log - the given step satred executing
2025-09-10 12:18:55 [TestNG-PoolService-4] INFO  Log - the driver  is tearing down
2025-09-10 12:18:56 [TestNG-PoolService-1] INFO  Log - the driver  is tearing down
2025-09-10 12:18:56 [TestNG-PoolService-3] INFO  Log - the driver  is tearing down
2025-09-10 12:18:56 [TestNG-PoolService-2] INFO  Log - the driver  is tearing down
2025-09-10 20:24:40 [main] INFO  Log - the congig is loading
2025-09-10 20:24:40 [main] INFO  Log - the driver is intilizing
2025-09-10 20:24:44 [main] WARN  Log - the given step satred executing
2025-09-10 20:24:49 [main] INFO  Log - the driver  is tearing down
2025-09-10 20:24:49 [main] INFO  Log - the congig is loading
2025-09-10 20:24:49 [main] INFO  Log - the driver is intilizing
2025-09-10 20:24:50 [main] WARN  Log - the given step satred executing
2025-09-10 20:24:54 [main] INFO  Log - the driver  is tearing down
2025-09-10 20:32:12 [main] INFO  Log - the congig is loading
2025-09-10 20:32:12 [main] INFO  Log - the driver is intilizing
2025-09-10 20:32:14 [main] WARN  Log - the given step satred executing
2025-09-10 20:32:21 [main] INFO  Log - the driver  is tearing down
2025-09-10 20:32:21 [main] INFO  Log - the congig is loading
2025-09-10 20:32:21 [main] INFO  Log - the driver is intilizing
2025-09-10 20:32:22 [main] WARN  Log - the given step satred executing
2025-09-10 20:32:32 [main] INFO  Log - the driver  is tearing down
2025-09-10 20:34:39 [main] INFO  Log - the congig is loading
2025-09-10 20:34:39 [main] INFO  Log - the driver is intilizing
2025-09-10 20:34:41 [main] WARN  Log - the given step satred executing
2025-09-10 20:34:47 [main] INFO  Log - the driver  is tearing down
2025-09-10 20:34:47 [main] INFO  Log - the congig is loading
2025-09-10 20:34:47 [main] INFO  Log - the driver is intilizing
2025-09-10 20:34:49 [main] WARN  Log - the given step satred executing
2025-09-10 20:34:53 [main] INFO  Log - the driver  is tearing down
2025-09-10 20:34:53 [main] INFO  Log - the congig is loading
2025-09-10 20:34:53 [main] INFO  Log - the driver is intilizing
2025-09-10 20:34:55 [main] WARN  Log - the given step satred executing
2025-09-10 20:35:00 [main] INFO  Log - the driver  is tearing down
2025-09-10 20:35:02 [TestNG-PoolService-3] INFO  Log - the congig is loading
2025-09-10 20:35:02 [TestNG-PoolService-3] INFO  Log - the driver is intilizing
2025-09-10 20:35:02 [TestNG-PoolService-4] INFO  Log - the congig is loading
2025-09-10 20:35:02 [TestNG-PoolService-4] INFO  Log - the driver is intilizing
2025-09-10 20:35:02 [TestNG-PoolService-1] INFO  Log - the congig is loading
2025-09-10 20:35:02 [TestNG-PoolService-5] INFO  Log - the congig is loading
2025-09-10 20:35:02 [TestNG-PoolService-2] INFO  Log - the congig is loading
2025-09-10 20:35:03 [TestNG-PoolService-1] INFO  Log - the driver is intilizing
2025-09-10 20:35:03 [TestNG-PoolService-5] INFO  Log - the driver is intilizing
2025-09-10 20:35:03 [TestNG-PoolService-2] INFO  Log - the driver is intilizing
2025-09-10 20:35:07 [TestNG-PoolService-3] WARN  Log - the given step satred executing
2025-09-10 20:35:07 [TestNG-PoolService-5] WARN  Log - the given step satred executing
2025-09-10 20:35:08 [TestNG-PoolService-4] WARN  Log - the given step satred executing
2025-09-10 20:35:08 [TestNG-PoolService-1] WARN  Log - the given step satred executing
2025-09-10 20:35:09 [TestNG-PoolService-2] WARN  Log - the given step satred executing
2025-09-10 20:35:16 [TestNG-PoolService-3] INFO  Log - the driver  is tearing down
2025-09-10 20:35:16 [TestNG-PoolService-1] INFO  Log - the driver  is tearing down
2025-09-10 20:35:18 [TestNG-PoolService-5] INFO  Log - the driver  is tearing down
2025-09-10 20:35:18 [TestNG-PoolService-2] INFO  Log - the driver  is tearing down
2025-09-10 20:35:18 [TestNG-PoolService-4] INFO  Log - the driver  is tearing down
2025-09-10 20:39:28 [TestNG-PoolService-1] INFO  Log - the congig is loading
2025-09-10 20:39:28 [TestNG-test-Test1-2] INFO  Log - the congig is loading
2025-09-10 20:39:28 [TestNG-PoolService-2] INFO  Log - the congig is loading
2025-09-10 20:39:28 [TestNG-test-Test1-2] INFO  Log - the driver is intilizing
2025-09-10 20:39:28 [TestNG-PoolService-1] INFO  Log - the driver is intilizing
2025-09-10 20:39:28 [TestNG-PoolService-2] INFO  Log - the driver is intilizing
2025-09-10 20:39:31 [TestNG-test-Test1-2] WARN  Log - the given step satred executing
2025-09-10 20:39:31 [TestNG-PoolService-1] WARN  Log - the given step satred executing
2025-09-10 20:39:31 [TestNG-PoolService-2] WARN  Log - the given step satred executing
2025-09-10 20:39:39 [TestNG-test-Test1-2] INFO  Log - the driver  is tearing down
2025-09-10 20:39:39 [TestNG-PoolService-2] INFO  Log - the driver  is tearing down
2025-09-10 20:39:39 [TestNG-PoolService-1] INFO  Log - the driver  is tearing down
2025-09-10 20:39:40 [TestNG-test-Test1-2] INFO  Log - the congig is loading
2025-09-10 20:39:40 [TestNG-test-Test1-2] INFO  Log - the driver is intilizing
2025-09-10 20:39:40 [TestNG-PoolService-1] INFO  Log - the congig is loading
2025-09-10 20:39:40 [TestNG-PoolService-1] INFO  Log - the driver is intilizing
2025-09-10 20:39:40 [TestNG-PoolService-2] INFO  Log - the congig is loading
2025-09-10 20:39:40 [TestNG-PoolService-2] INFO  Log - the driver is intilizing
2025-09-10 20:39:41 [TestNG-test-Test1-2] WARN  Log - the given step satred executing
2025-09-10 20:39:42 [TestNG-PoolService-1] WARN  Log - the given step satred executing
2025-09-10 20:39:42 [TestNG-PoolService-2] WARN  Log - the given step satred executing
2025-09-10 20:39:47 [TestNG-test-Test1-2] INFO  Log - the driver  is tearing down
2025-09-10 20:39:47 [TestNG-test-Test1-2] INFO  Log - the congig is loading
2025-09-10 20:39:47 [TestNG-test-Test1-2] INFO  Log - the driver is intilizing
2025-09-10 20:39:48 [TestNG-PoolService-1] INFO  Log - the driver  is tearing down
2025-09-10 20:39:48 [TestNG-PoolService-1] INFO  Log - the congig is loading
2025-09-10 20:39:48 [TestNG-PoolService-1] INFO  Log - the driver is intilizing
2025-09-10 20:39:49 [TestNG-test-Test1-2] WARN  Log - the given step satred executing
2025-09-10 20:39:49 [TestNG-PoolService-2] INFO  Log - the driver  is tearing down
2025-09-10 20:39:50 [TestNG-PoolService-1] WARN  Log - the given step satred executing
2025-09-10 20:39:54 [TestNG-test-Test1-2] INFO  Log - the driver  is tearing down
2025-09-10 20:39:55 [TestNG-PoolService-1] INFO  Log - the driver  is tearing down
2025-09-10 20:42:01 [TestNG-PoolService-2] INFO  Log - the congig is loading
2025-09-10 20:42:01 [TestNG-PoolService-1] INFO  Log - the congig is loading
2025-09-10 20:42:01 [TestNG-PoolService-1] INFO  Log - the congig is loading
2025-09-10 20:42:01 [TestNG-PoolService-2] INFO  Log - the congig is loading
2025-09-10 20:42:01 [TestNG-PoolService-2] INFO  Log - the driver is intilizing
2025-09-10 20:42:01 [TestNG-PoolService-1] INFO  Log - the driver is intilizing
2025-09-10 20:42:01 [TestNG-PoolService-2] INFO  Log - the driver is intilizing
2025-09-10 20:42:01 [TestNG-PoolService-1] INFO  Log - the driver is intilizing
2025-09-10 20:42:04 [TestNG-PoolService-2] WARN  Log - the given step satred executing
2025-09-10 20:42:04 [TestNG-PoolService-1] WARN  Log - the given step satred executing
2025-09-10 20:42:04 [TestNG-PoolService-1] WARN  Log - the given step satred executing
2025-09-10 20:42:04 [TestNG-PoolService-2] WARN  Log - the given step satred executing
2025-09-10 20:42:11 [TestNG-PoolService-1] INFO  Log - the driver  is tearing down
2025-09-10 20:42:11 [TestNG-PoolService-2] INFO  Log - the driver  is tearing down
2025-09-10 20:42:12 [TestNG-PoolService-2] INFO  Log - the congig is loading
2025-09-10 20:42:12 [TestNG-PoolService-2] INFO  Log - the driver is intilizing
2025-09-10 20:42:12 [TestNG-PoolService-1] INFO  Log - the congig is loading
2025-09-10 20:42:12 [TestNG-PoolService-1] INFO  Log - the driver is intilizing
2025-09-10 20:42:14 [TestNG-PoolService-2] WARN  Log - the given step satred executing
2025-09-10 20:42:14 [TestNG-PoolService-2] INFO  Log - the driver  is tearing down
2025-09-10 20:42:14 [TestNG-PoolService-1] WARN  Log - the given step satred executing
2025-09-10 20:42:15 [TestNG-PoolService-1] INFO  Log - the driver  is tearing down
2025-09-10 20:42:16 [TestNG-PoolService-2] INFO  Log - the congig is loading
2025-09-10 20:42:16 [TestNG-PoolService-2] INFO  Log - the driver is intilizing
2025-09-10 20:42:17 [TestNG-PoolService-2] WARN  Log - the given step satred executing
2025-09-10 20:42:20 [TestNG-PoolService-2] INFO  Log - the driver  is tearing down
2025-09-10 20:42:20 [TestNG-PoolService-1] INFO  Log - the driver  is tearing down
2025-09-10 20:42:20 [TestNG-PoolService-2] INFO  Log - the congig is loading
2025-09-10 20:42:20 [TestNG-PoolService-2] INFO  Log - the driver is intilizing
2025-09-10 20:42:22 [TestNG-PoolService-2] WARN  Log - the given step satred executing
2025-09-10 20:42:22 [TestNG-PoolService-2] INFO  Log - the driver  is tearing down
2025-09-10 20:42:32 [TestNG-PoolService-2] INFO  Log - the driver  is tearing down
2025-09-10 20:43:20 [TestNG-PoolService-2] INFO  Log - the congig is loading
2025-09-10 20:43:20 [TestNG-PoolService-1] INFO  Log - the congig is loading
2025-09-10 20:43:20 [TestNG-PoolService-2] INFO  Log - the congig is loading
2025-09-10 20:43:20 [TestNG-PoolService-1] INFO  Log - the congig is loading
2025-09-10 20:43:20 [TestNG-PoolService-1] INFO  Log - the driver is intilizing
2025-09-10 20:43:20 [TestNG-PoolService-2] INFO  Log - the driver is intilizing
2025-09-10 20:43:20 [TestNG-PoolService-1] INFO  Log - the driver is intilizing
2025-09-10 20:43:20 [TestNG-PoolService-2] INFO  Log - the driver is intilizing
2025-09-10 20:43:24 [TestNG-PoolService-1] WARN  Log - the given step satred executing
2025-09-10 20:43:24 [TestNG-PoolService-2] WARN  Log - the given step satred executing
2025-09-10 20:43:24 [TestNG-PoolService-2] WARN  Log - the given step satred executing
2025-09-10 20:43:25 [TestNG-PoolService-1] WARN  Log - the given step satred executing
2025-09-10 20:43:34 [TestNG-PoolService-1] INFO  Log - the driver  is tearing down
2025-09-10 20:43:34 [TestNG-PoolService-2] INFO  Log - the driver  is tearing down
2025-09-10 20:43:34 [TestNG-PoolService-2] INFO  Log - the driver  is tearing down
2025-09-10 20:43:34 [TestNG-PoolService-1] INFO  Log - the driver  is tearing down
2025-09-10 20:43:35 [TestNG-PoolService-1] INFO  Log - the congig is loading
2025-09-10 20:43:35 [TestNG-PoolService-2] INFO  Log - the congig is loading
2025-09-10 20:43:35 [TestNG-PoolService-2] INFO  Log - the driver is intilizing
2025-09-10 20:43:35 [TestNG-PoolService-1] INFO  Log - the driver is intilizing
2025-09-10 20:43:37 [TestNG-PoolService-2] INFO  Log - the congig is loading
2025-09-10 20:43:37 [TestNG-PoolService-2] INFO  Log - the driver is intilizing
2025-09-10 20:43:37 [TestNG-PoolService-2] WARN  Log - the given step satred executing
2025-09-10 20:43:38 [TestNG-PoolService-1] WARN  Log - the given step satred executing
2025-09-10 20:43:40 [TestNG-PoolService-2] WARN  Log - the given step satred executing
2025-09-10 20:43:43 [TestNG-PoolService-2] INFO  Log - the driver  is tearing down
2025-09-10 20:43:44 [TestNG-PoolService-1] INFO  Log - the driver  is tearing down
2025-09-10 20:43:47 [TestNG-PoolService-1] INFO  Log - the congig is loading
2025-09-10 20:43:47 [TestNG-PoolService-1] INFO  Log - the driver is intilizing
2025-09-10 20:43:48 [TestNG-PoolService-1] WARN  Log - the given step satred executing
2025-09-10 20:43:53 [TestNG-PoolService-2] INFO  Log - the driver  is tearing down
2025-09-10 20:43:54 [TestNG-PoolService-1] INFO  Log - the driver  is tearing down
2025-09-10 20:50:47 [TestNG-PoolService-1] INFO  Log - the congig is loading
2025-09-10 20:50:47 [TestNG-PoolService-1] INFO  Log - the congig is loading
2025-09-10 20:50:47 [TestNG-PoolService-2] INFO  Log - the congig is loading
2025-09-10 20:50:47 [TestNG-PoolService-2] INFO  Log - the congig is loading
2025-09-10 20:50:47 [TestNG-PoolService-2] INFO  Log - the driver is intilizing
2025-09-10 20:50:47 [TestNG-PoolService-1] INFO  Log - the driver is intilizing
2025-09-10 20:50:47 [TestNG-PoolService-1] INFO  Log - the driver is intilizing
2025-09-10 20:50:47 [TestNG-PoolService-2] INFO  Log - the driver is intilizing
2025-09-10 20:50:52 [TestNG-PoolService-1] WARN  Log - the given step satred executing
2025-09-10 20:50:52 [TestNG-PoolService-2] WARN  Log - the given step satred executing
2025-09-10 20:50:52 [TestNG-PoolService-1] WARN  Log - the given step satred executing
2025-09-10 20:50:53 [TestNG-PoolService-2] WARN  Log - the given step satred executing
2025-09-10 20:50:59 [TestNG-PoolService-2] INFO  Log - the driver  is tearing down
2025-09-10 20:50:59 [TestNG-PoolService-1] INFO  Log - the driver  is tearing down
2025-09-10 20:50:59 [TestNG-PoolService-2] INFO  Log - the driver  is tearing down
2025-09-10 20:51:00 [TestNG-PoolService-1] INFO  Log - the congig is loading
2025-09-10 20:51:00 [TestNG-PoolService-1] INFO  Log - the driver is intilizing
2025-09-10 20:51:00 [TestNG-PoolService-2] INFO  Log - the congig is loading
2025-09-10 20:51:00 [TestNG-PoolService-2] INFO  Log - the driver is intilizing
2025-09-10 20:51:01 [TestNG-PoolService-1] INFO  Log - the driver  is tearing down
2025-09-10 20:51:02 [TestNG-PoolService-1] INFO  Log - the congig is loading
2025-09-10 20:51:02 [TestNG-PoolService-1] INFO  Log - the driver is intilizing
2025-09-10 20:51:02 [TestNG-PoolService-2] WARN  Log - the given step satred executing
2025-09-10 20:51:02 [TestNG-PoolService-1] WARN  Log - the given step satred executing
2025-09-10 20:51:04 [TestNG-PoolService-1] WARN  Log - the given step satred executing
2025-09-10 20:51:08 [TestNG-PoolService-1] INFO  Log - the driver  is tearing down
2025-09-10 20:51:08 [TestNG-PoolService-2] INFO  Log - the driver  is tearing down
2025-09-10 20:51:13 [TestNG-PoolService-2] INFO  Log - the congig is loading
2025-09-10 20:51:13 [TestNG-PoolService-2] INFO  Log - the driver is intilizing
2025-09-10 20:51:13 [TestNG-PoolService-1] INFO  Log - the driver  is tearing down
2025-09-10 20:51:15 [TestNG-PoolService-2] WARN  Log - the given step satred executing
2025-09-10 20:51:20 [TestNG-PoolService-2] INFO  Log - the driver  is tearing down
2025-09-10 20:51:43 [TestNG-test-Test1-2] INFO  Log - the congig is loading
2025-09-10 20:51:43 [TestNG-test-Test1-1] INFO  Log - the congig is loading
2025-09-10 20:51:43 [TestNG-test-Test1-1] INFO  Log - the driver is intilizing
2025-09-10 20:51:43 [TestNG-test-Test1-2] INFO  Log - the driver is intilizing
2025-09-10 20:51:46 [TestNG-test-Test1-2] WARN  Log - the given step satred executing
2025-09-10 20:51:46 [TestNG-test-Test1-1] WARN  Log - the given step satred executing
2025-09-10 20:51:52 [TestNG-test-Test1-1] INFO  Log - the driver  is tearing down
2025-09-10 20:51:52 [TestNG-test-Test1-2] INFO  Log - the driver  is tearing down
2025-09-10 20:51:52 [TestNG-test-Test1-1] INFO  Log - the congig is loading
2025-09-10 20:51:52 [TestNG-test-Test1-1] INFO  Log - the driver is intilizing
2025-09-10 20:51:52 [TestNG-test-Test1-2] INFO  Log - the congig is loading
2025-09-10 20:51:52 [TestNG-test-Test1-2] INFO  Log - the driver is intilizing
2025-09-10 20:51:54 [TestNG-test-Test1-2] WARN  Log - the given step satred executing
2025-09-10 20:51:54 [TestNG-test-Test1-1] WARN  Log - the given step satred executing
2025-09-10 20:52:00 [TestNG-test-Test1-2] INFO  Log - the driver  is tearing down
2025-09-10 20:52:00 [TestNG-test-Test1-1] INFO  Log - the driver  is tearing down
2025-09-10 20:52:00 [TestNG-test-Test1-2] INFO  Log - the congig is loading
2025-09-10 20:52:00 [TestNG-test-Test1-2] INFO  Log - the driver is intilizing
2025-09-10 20:52:00 [TestNG-test-Test1-1] INFO  Log - the congig is loading
2025-09-10 20:52:00 [TestNG-test-Test1-1] INFO  Log - the driver is intilizing
2025-09-10 20:52:02 [TestNG-test-Test1-2] WARN  Log - the given step satred executing
2025-09-10 20:52:02 [TestNG-test-Test1-1] WARN  Log - the given step satred executing
2025-09-10 20:52:07 [TestNG-test-Test1-2] INFO  Log - the driver  is tearing down
2025-09-10 20:52:08 [TestNG-test-Test1-1] INFO  Log - the driver  is tearing down
2025-09-10 20:52:11 [TestNG-test-Test1-1] INFO  Log - the congig is loading
2025-09-10 20:52:11 [TestNG-test-Test1-1] INFO  Log - the driver is intilizing
2025-09-10 20:52:13 [TestNG-test-Test1-1] WARN  Log - the given step satred executing
2025-09-10 20:52:18 [TestNG-test-Test1-1] INFO  Log - the driver  is tearing down
2025-09-10 20:52:18 [TestNG-test-Test1-1] INFO  Log - the congig is loading
2025-09-10 20:52:18 [TestNG-test-Test1-1] INFO  Log - the driver is intilizing
2025-09-10 20:52:19 [TestNG-test-Test1-1] WARN  Log - the given step satred executing
2025-09-10 20:52:25 [TestNG-test-Test1-1] INFO  Log - the driver  is tearing down
2025-09-12 12:01:14 [TestNG-test-Test1-1] INFO  Log - the congig is loading
2025-09-12 12:01:14 [TestNG-test-Test1-2] INFO  Log - the congig is loading
2025-09-12 12:01:14 [TestNG-test-Test1-1] INFO  Log - the driver is intilizing
2025-09-12 12:01:14 [TestNG-test-Test1-2] INFO  Log - the driver is intilizing
2025-09-12 12:01:17 [TestNG-test-Test1-2] WARN  Log - the given step satred executing
2025-09-12 12:01:17 [TestNG-test-Test1-1] WARN  Log - the given step satred executing
2025-09-12 12:01:23 [TestNG-test-Test1-2] INFO  Log - the driver  is tearing down
2025-09-12 12:01:23 [TestNG-test-Test1-1] INFO  Log - the driver  is tearing down
2025-09-12 12:01:23 [TestNG-test-Test1-1] INFO  Log - the congig is loading
2025-09-12 12:01:23 [TestNG-test-Test1-2] INFO  Log - the congig is loading
2025-09-12 12:01:23 [TestNG-test-Test1-1] INFO  Log - the driver is intilizing
2025-09-12 12:01:23 [TestNG-test-Test1-2] INFO  Log - the driver is intilizing
2025-09-12 12:01:26 [TestNG-test-Test1-2] WARN  Log - the given step satred executing
2025-09-12 12:01:26 [TestNG-test-Test1-1] WARN  Log - the given step satred executing
2025-09-12 12:01:31 [TestNG-test-Test1-2] INFO  Log - the driver  is tearing down
2025-09-12 12:01:31 [TestNG-test-Test1-2] INFO  Log - the congig is loading
2025-09-12 12:01:31 [TestNG-test-Test1-2] INFO  Log - the driver is intilizing
2025-09-12 12:01:32 [TestNG-test-Test1-1] INFO  Log - the driver  is tearing down
2025-09-12 12:01:32 [TestNG-test-Test1-2] WARN  Log - the given step satred executing
2025-09-12 12:01:32 [TestNG-test-Test1-1] INFO  Log - the congig is loading
2025-09-12 12:01:32 [TestNG-test-Test1-1] INFO  Log - the driver is intilizing
2025-09-12 12:01:34 [TestNG-test-Test1-1] WARN  Log - the given step satred executing
2025-09-12 12:01:38 [TestNG-test-Test1-2] INFO  Log - the driver  is tearing down
2025-09-12 12:01:41 [TestNG-test-Test1-1] INFO  Log - the driver  is tearing down
2025-09-12 12:01:43 [TestNG-test-Test1-1] INFO  Log - the congig is loading
2025-09-12 12:01:43 [TestNG-test-Test1-1] INFO  Log - the driver is intilizing
2025-09-12 12:01:44 [TestNG-test-Test1-1] WARN  Log - the given step satred executing
2025-09-12 12:01:49 [TestNG-test-Test1-1] INFO  Log - the driver  is tearing down
2025-09-12 12:01:49 [TestNG-test-Test1-1] INFO  Log - the congig is loading
2025-09-12 12:01:49 [TestNG-test-Test1-1] INFO  Log - the driver is intilizing
2025-09-12 12:01:50 [TestNG-test-Test1-1] WARN  Log - the given step satred executing
2025-09-12 12:01:55 [TestNG-test-Test1-1] INFO  Log - the driver  is tearing down
2025-09-12 12:02:50 [main] INFO  Log - the congig is loading
2025-09-12 12:02:50 [main] INFO  Log - the driver is intilizing
2025-09-12 12:02:52 [main] WARN  Log - the given step satred executing
2025-09-12 12:02:57 [main] INFO  Log - the driver  is tearing down
2025-09-12 12:02:57 [main] INFO  Log - the congig is loading
2025-09-12 12:02:57 [main] INFO  Log - the driver is intilizing
2025-09-12 12:02:58 [main] WARN  Log - the given step satred executing
2025-09-12 12:03:03 [main] INFO  Log - the driver  is tearing down
2025-09-12 12:03:03 [main] INFO  Log - the congig is loading
2025-09-12 12:03:03 [main] INFO  Log - the driver is intilizing
2025-09-12 12:03:04 [main] WARN  Log - the given step satred executing
2025-09-12 12:03:08 [main] INFO  Log - the driver  is tearing down
2025-09-12 12:03:08 [main] INFO  Log - the congig is loading
2025-09-12 12:03:08 [main] INFO  Log - the driver is intilizing
2025-09-12 12:03:09 [main] WARN  Log - the given step satred executing
2025-09-12 12:03:14 [main] INFO  Log - the driver  is tearing down
2025-09-12 12:03:15 [main] INFO  Log - the congig is loading
2025-09-12 12:03:15 [main] INFO  Log - the driver is intilizing
2025-09-12 12:03:16 [main] WARN  Log - the given step satred executing
2025-09-12 12:03:20 [main] INFO  Log - the driver  is tearing down
2025-09-12 12:03:38 [main] INFO  Log - the congig is loading
2025-09-12 12:03:38 [main] INFO  Log - the driver is intilizing
2025-09-12 12:03:40 [main] WARN  Log - the given step satred executing
2025-09-12 12:04:58 [main] INFO  Log - the congig is loading
2025-09-12 12:04:58 [main] INFO  Log - the driver is intilizing
2025-09-12 12:05:00 [main] WARN  Log - the given step satred executing
2025-09-12 12:09:15 [main] INFO  Log - the congig is loading
2025-09-12 12:09:15 [main] INFO  Log - the driver is intilizing
2025-09-12 12:09:17 [main] WARN  Log - the given step satred executing
2025-09-12 12:09:50 [main] INFO  Log - the congig is loading
2025-09-12 12:09:50 [main] INFO  Log - the driver is intilizing
2025-09-12 12:09:52 [main] WARN  Log - the given step satred executing
2025-09-12 20:12:37 [main] INFO  Log - the congig is loading
2025-09-12 20:12:37 [main] INFO  Log - the driver is intilizing
2025-09-12 20:12:40 [main] WARN  Log - the given step satred executing
2025-09-12 20:12:48 [main] INFO  Log - the driver  is tearing down
2025-09-12 20:12:48 [main] INFO  Log - the congig is loading
2025-09-12 20:12:48 [main] INFO  Log - the driver is intilizing
2025-09-12 20:12:50 [main] WARN  Log - the given step satred executing
2025-09-12 20:12:55 [main] INFO  Log - the driver  is tearing down
2025-09-12 20:12:55 [main] INFO  Log - the congig is loading
2025-09-12 20:12:55 [main] INFO  Log - the driver is intilizing
2025-09-12 20:12:56 [main] WARN  Log - the given step satred executing
2025-09-12 20:13:02 [main] INFO  Log - the driver  is tearing down
2025-09-12 20:13:02 [main] INFO  Log - the congig is loading
2025-09-12 20:13:02 [main] INFO  Log - the driver is intilizing
2025-09-12 20:13:03 [main] WARN  Log - the given step satred executing
2025-09-12 20:13:08 [main] INFO  Log - the driver  is tearing down
2025-09-12 20:13:08 [main] INFO  Log - the congig is loading
2025-09-12 20:13:08 [main] INFO  Log - the driver is intilizing
2025-09-12 20:13:09 [main] WARN  Log - the given step satred executing
2025-09-12 20:13:14 [main] INFO  Log - the driver  is tearing down
2025-09-12 20:15:34 [main] INFO  Log - the congig is loading
2025-09-12 20:15:34 [main] INFO  Log - the driver is intilizing
2025-09-12 20:15:36 [main] WARN  Log - the given step satred executing
2025-09-12 20:15:42 [main] INFO  Log - the driver  is tearing down
2025-09-12 20:15:42 [main] INFO  Log - the congig is loading
2025-09-12 20:15:42 [main] INFO  Log - the driver is intilizing
2025-09-12 20:15:43 [main] WARN  Log - the given step satred executing
2025-09-12 20:15:50 [main] INFO  Log - the driver  is tearing down
2025-09-12 20:15:50 [main] INFO  Log - the congig is loading
2025-09-12 20:15:50 [main] INFO  Log - the driver is intilizing
2025-09-12 20:15:51 [main] WARN  Log - the given step satred executing
2025-09-12 20:15:56 [main] INFO  Log - the driver  is tearing down
2025-09-12 20:15:56 [main] INFO  Log - the congig is loading
2025-09-12 20:15:56 [main] INFO  Log - the driver is intilizing
2025-09-12 20:15:58 [main] WARN  Log - the given step satred executing
2025-09-12 20:16:02 [main] INFO  Log - the driver  is tearing down
2025-09-12 20:16:03 [main] INFO  Log - the congig is loading
2025-09-12 20:16:03 [main] INFO  Log - the driver is intilizing
2025-09-12 20:16:03 [main] WARN  Log - the given step satred executing
2025-09-12 20:16:10 [main] INFO  Log - the driver  is tearing down
2025-09-13 16:20:37 [TestNG-test-Test1-1] INFO  Log - the congig is loading
2025-09-13 16:20:37 [TestNG-test-Test1-1] INFO  Log - the driver is intilizing
2025-09-13 16:20:40 [TestNG-test-Test1-1] WARN  Log - the given step satred executing
2025-09-13 16:20:47 [TestNG-test-Test1-1] INFO  Log - the driver  is tearing down
2025-09-13 16:20:47 [TestNG-test-Test1-1] INFO  Log - the congig is loading
2025-09-13 16:20:47 [TestNG-test-Test1-1] INFO  Log - the driver is intilizing
2025-09-13 16:20:48 [TestNG-test-Test1-1] WARN  Log - the given step satred executing
2025-09-13 16:20:55 [TestNG-test-Test1-1] INFO  Log - the driver  is tearing down
2025-09-13 16:20:55 [TestNG-test-Test1-1] INFO  Log - the congig is loading
2025-09-13 16:20:55 [TestNG-test-Test1-1] INFO  Log - the driver is intilizing
2025-09-13 16:20:56 [TestNG-test-Test1-1] WARN  Log - the given step satred executing
2025-09-13 16:21:03 [TestNG-test-Test1-1] INFO  Log - the driver  is tearing down
2025-09-13 16:21:03 [TestNG-test-Test1-1] INFO  Log - the congig is loading
2025-09-13 16:21:03 [TestNG-test-Test1-1] INFO  Log - the driver is intilizing
2025-09-13 16:21:04 [TestNG-test-Test1-1] WARN  Log - the given step satred executing
2025-09-13 16:21:11 [TestNG-test-Test1-1] INFO  Log - the driver  is tearing down
2025-09-13 16:21:11 [TestNG-test-Test1-1] INFO  Log - the congig is loading
2025-09-13 16:21:11 [TestNG-test-Test1-1] INFO  Log - the driver is intilizing
2025-09-13 16:21:11 [TestNG-test-Test1-1] WARN  Log - the given step satred executing
2025-09-13 16:21:19 [TestNG-test-Test1-1] INFO  Log - the driver  is tearing down
2025-09-13 16:34:40 [main] INFO  Log - the congig is loading
2025-09-13 16:34:40 [main] INFO  Log - the driver is intilizing
2025-09-13 16:34:42 [main] WARN  Log - the given step satred executing
2025-09-13 16:34:50 [main] INFO  Log - the driver  is tearing down
2025-09-13 16:34:50 [main] INFO  Log - the congig is loading
2025-09-13 16:34:50 [main] INFO  Log - the driver is intilizing
2025-09-13 16:34:51 [main] WARN  Log - the given step satred executing
2025-09-13 16:34:59 [main] INFO  Log - the driver  is tearing down
2025-09-13 16:34:59 [main] INFO  Log - the congig is loading
2025-09-13 16:34:59 [main] INFO  Log - the driver is intilizing
2025-09-13 16:35:00 [main] WARN  Log - the given step satred executing
2025-09-13 16:35:09 [main] INFO  Log - the driver  is tearing down
2025-09-13 16:35:09 [main] INFO  Log - the congig is loading
2025-09-13 16:35:09 [main] INFO  Log - the driver is intilizing
2025-09-13 16:35:11 [main] WARN  Log - the given step satred executing
2025-09-13 16:35:18 [main] INFO  Log - the driver  is tearing down
2025-09-13 16:35:18 [main] INFO  Log - the congig is loading
2025-09-13 16:35:18 [main] INFO  Log - the driver is intilizing
2025-09-13 16:35:19 [main] WARN  Log - the given step satred executing
2025-09-13 16:35:26 [main] INFO  Log - the driver  is tearing down
2025-09-13 16:36:11 [main] INFO  Log - the congig is loading
2025-09-13 16:36:11 [main] INFO  Log - the driver is intilizing
2025-09-13 16:36:12 [main] WARN  Log - the given step satred executing
2025-09-13 16:36:20 [main] INFO  Log - the driver  is tearing down
2025-09-13 16:36:20 [main] INFO  Log - the congig is loading
2025-09-13 16:36:20 [main] INFO  Log - the driver is intilizing
2025-09-13 16:36:21 [main] WARN  Log - the given step satred executing
2025-09-13 16:36:28 [main] INFO  Log - the driver  is tearing down
2025-09-13 16:36:28 [main] INFO  Log - the congig is loading
2025-09-13 16:36:28 [main] INFO  Log - the driver is intilizing
2025-09-13 16:36:29 [main] WARN  Log - the given step satred executing
2025-09-13 16:36:36 [main] INFO  Log - the driver  is tearing down
2025-09-13 16:36:50 [TestNG-test-Test1-1] INFO  Log - the congig is loading
2025-09-13 16:36:50 [TestNG-test-Test1-1] INFO  Log - the driver is intilizing
2025-09-13 16:36:51 [TestNG-test-Test1-1] WARN  Log - the given step satred executing
2025-09-13 16:36:59 [TestNG-test-Test1-1] INFO  Log - the driver  is tearing down
2025-09-13 16:36:59 [TestNG-test-Test1-1] INFO  Log - the congig is loading
2025-09-13 16:36:59 [TestNG-test-Test1-1] INFO  Log - the driver is intilizing
2025-09-13 16:36:59 [TestNG-test-Test1-1] WARN  Log - the given step satred executing
2025-09-13 16:37:07 [TestNG-test-Test1-1] INFO  Log - the driver  is tearing down
2025-09-13 16:37:07 [TestNG-test-Test1-1] INFO  Log - the congig is loading
2025-09-13 16:37:07 [TestNG-test-Test1-1] INFO  Log - the driver is intilizing
2025-09-13 16:37:08 [TestNG-test-Test1-1] WARN  Log - the given step satred executing
2025-09-13 16:37:15 [TestNG-test-Test1-1] INFO  Log - the driver  is tearing down
2025-09-13 17:08:09 [main] INFO  Log - the congig is loading
2025-09-13 17:08:09 [main] INFO  Log - the driver is intilizing
2025-09-13 17:08:11 [main] WARN  Log - the given step satred executing
2025-09-13 17:08:19 [main] INFO  Log - the driver  is tearing down
2025-09-13 17:08:19 [main] INFO  Log - the congig is loading
2025-09-13 17:08:19 [main] INFO  Log - the driver is intilizing
2025-09-13 17:08:20 [main] WARN  Log - the given step satred executing
2025-09-13 17:08:35 [main] INFO  Log - the driver  is tearing down
2025-09-13 17:08:35 [main] INFO  Log - the congig is loading
2025-09-13 17:08:35 [main] INFO  Log - the driver is intilizing
2025-09-13 17:08:36 [main] WARN  Log - the given step satred executing
2025-09-13 17:08:43 [main] INFO  Log - the driver  is tearing down
2025-09-13 17:08:52 [main] INFO  Log - the congig is loading
2025-09-13 17:08:52 [main] INFO  Log - the driver is intilizing
2025-09-13 17:08:53 [main] WARN  Log - the given step satred executing
2025-09-13 17:09:00 [main] INFO  Log - the driver  is tearing down
2025-09-13 17:09:01 [main] INFO  Log - the congig is loading
2025-09-13 17:09:01 [main] INFO  Log - the driver is intilizing
2025-09-13 17:09:01 [main] WARN  Log - the given step satred executing
2025-09-13 17:09:08 [main] INFO  Log - the driver  is tearing down
2025-09-13 17:09:08 [main] INFO  Log - the congig is loading
2025-09-13 17:09:08 [main] INFO  Log - the driver is intilizing
2025-09-13 17:09:09 [main] WARN  Log - the given step satred executing
2025-09-13 17:09:16 [main] INFO  Log - the driver  is tearing down
2025-09-13 17:31:59 [main] INFO  Log - the congig is loading
2025-09-13 17:31:59 [main] INFO  Log - the driver is intilizing
2025-09-13 17:32:02 [main] WARN  Log - the given step satred executing
2025-09-13 17:32:10 [main] INFO  Log - the driver  is tearing down
2025-09-13 17:32:10 [main] INFO  Log - the congig is loading
2025-09-13 17:32:10 [main] INFO  Log - the driver is intilizing
2025-09-13 17:32:11 [main] WARN  Log - the given step satred executing
2025-09-13 17:32:18 [main] INFO  Log - the driver  is tearing down
2025-09-13 17:32:18 [main] INFO  Log - the congig is loading
2025-09-13 17:32:18 [main] INFO  Log - the driver is intilizing
2025-09-13 17:32:18 [main] WARN  Log - the given step satred executing
2025-09-13 17:32:31 [main] INFO  Log - the driver  is tearing down
2025-09-13 17:33:24 [main] INFO  Log - the congig is loading
2025-09-13 17:33:24 [main] INFO  Log - the driver is intilizing
2025-09-13 17:33:27 [main] INFO  Log - the driver  is tearing down
2025-09-13 17:33:28 [main] INFO  Log - the congig is loading
2025-09-13 17:33:28 [main] INFO  Log - the driver is intilizing
2025-09-13 17:33:29 [main] INFO  Log - the driver  is tearing down
2025-09-13 17:33:30 [main] INFO  Log - the congig is loading
2025-09-13 17:33:30 [main] INFO  Log - the driver is intilizing
2025-09-13 17:33:32 [main] INFO  Log - the driver  is tearing down
2025-09-13 17:33:32 [main] INFO  Log - the congig is loading
2025-09-13 17:33:32 [main] INFO  Log - the driver is intilizing
2025-09-13 17:33:34 [main] INFO  Log - the driver  is tearing down
2025-09-13 17:33:34 [main] INFO  Log - the congig is loading
2025-09-13 17:33:34 [main] INFO  Log - the driver is intilizing
2025-09-13 17:33:35 [main] INFO  Log - the driver  is tearing down
2025-09-13 17:33:36 [main] INFO  Log - the congig is loading
2025-09-13 17:33:36 [main] INFO  Log - the driver is intilizing
2025-09-13 17:33:37 [main] INFO  Log - the driver  is tearing down
2025-09-13 17:33:37 [main] INFO  Log - the congig is loading
2025-09-13 17:33:37 [main] INFO  Log - the driver is intilizing
2025-09-13 17:33:38 [main] WARN  Log - the given step satred executing
2025-09-13 17:33:46 [main] INFO  Log - the driver  is tearing down
2025-09-13 17:33:47 [main] INFO  Log - the congig is loading
2025-09-13 17:33:47 [main] INFO  Log - the driver is intilizing
2025-09-13 17:33:47 [main] WARN  Log - the given step satred executing
2025-09-13 17:33:55 [main] INFO  Log - the driver  is tearing down
2025-09-13 17:33:55 [main] INFO  Log - the congig is loading
2025-09-13 17:33:55 [main] INFO  Log - the driver is intilizing
2025-09-13 17:33:56 [main] WARN  Log - the given step satred executing
2025-09-13 17:34:04 [main] INFO  Log - the driver  is tearing down
2025-09-13 17:47:59 [main] INFO  Log - the congig is loading
2025-09-13 17:47:59 [main] INFO  Log - the driver is intilizing
2025-09-13 17:48:01 [main] WARN  Log - the given step satred executing
2025-09-13 17:48:08 [main] INFO  Log - the driver  is tearing down
2025-09-13 17:48:09 [main] INFO  Log - the congig is loading
2025-09-13 17:48:09 [main] INFO  Log - the driver is intilizing
2025-09-13 17:48:09 [main] WARN  Log - the given step satred executing
2025-09-13 17:48:16 [main] INFO  Log - the driver  is tearing down
2025-09-13 17:49:24 [main] INFO  Log - the congig is loading
2025-09-13 17:49:24 [main] INFO  Log - the driver is intilizing
2025-09-13 17:49:25 [main] INFO  Log - the driver  is tearing down
2025-09-13 17:49:25 [main] INFO  Log - the congig is loading
2025-09-13 17:49:25 [main] INFO  Log - the driver is intilizing
2025-09-13 17:49:26 [main] INFO  Log - the driver  is tearing down
2025-09-13 17:49:26 [main] INFO  Log - the congig is loading
2025-09-13 17:49:26 [main] INFO  Log - the driver is intilizing
2025-09-13 17:49:27 [main] INFO  Log - the driver  is tearing down
2025-09-13 17:49:28 [main] INFO  Log - the congig is loading
2025-09-13 17:49:28 [main] INFO  Log - the driver is intilizing
2025-09-13 17:49:29 [main] INFO  Log - the driver  is tearing down
2025-09-13 17:49:29 [main] INFO  Log - the congig is loading
2025-09-13 17:49:29 [main] INFO  Log - the driver is intilizing
2025-09-13 17:49:31 [main] INFO  Log - the driver  is tearing down
2025-09-13 17:49:31 [main] INFO  Log - the congig is loading
2025-09-13 17:49:31 [main] INFO  Log - the driver is intilizing
2025-09-13 17:49:32 [main] INFO  Log - the driver  is tearing down
2025-09-13 17:50:04 [main] INFO  Log - the congig is loading
2025-09-13 17:50:04 [main] INFO  Log - the driver is intilizing
2025-09-13 17:50:05 [main] WARN  Log - the given step satred executing
2025-09-13 17:50:13 [main] INFO  Log - the driver  is tearing down
2025-09-13 17:50:13 [main] INFO  Log - the congig is loading
2025-09-13 17:50:13 [main] INFO  Log - the driver is intilizing
2025-09-13 17:50:14 [main] WARN  Log - the given step satred executing
2025-09-13 17:50:20 [main] INFO  Log - the driver  is tearing down
2025-09-13 17:50:21 [main] INFO  Log - the congig is loading
2025-09-13 17:50:21 [main] INFO  Log - the driver is intilizing
2025-09-13 17:50:21 [main] WARN  Log - the given step satred executing
2025-09-13 17:50:28 [main] INFO  Log - the driver  is tearing down
2025-09-13 17:50:28 [main] INFO  Log - the congig is loading
2025-09-13 17:50:28 [main] INFO  Log - the driver is intilizing
2025-09-13 17:50:28 [main] WARN  Log - the given step satred executing
2025-09-13 17:50:37 [main] INFO  Log - the driver  is tearing down
2025-09-13 17:50:37 [main] INFO  Log - the congig is loading
2025-09-13 17:50:37 [main] INFO  Log - the driver is intilizing
2025-09-13 17:50:39 [main] WARN  Log - the given step satred executing
2025-09-13 17:50:47 [main] INFO  Log - the driver  is tearing down
2025-09-13 17:50:47 [main] INFO  Log - the congig is loading
2025-09-13 17:50:47 [main] INFO  Log - the driver is intilizing
2025-09-13 17:50:49 [main] WARN  Log - the given step satred executing
2025-09-13 17:50:56 [main] INFO  Log - the driver  is tearing down
2025-09-13 17:50:56 [main] INFO  Log - the congig is loading
2025-09-13 17:50:56 [main] INFO  Log - the driver is intilizing
2025-09-13 17:50:58 [main] WARN  Log - the given step satred executing
2025-09-13 17:51:05 [main] INFO  Log - the driver  is tearing down
2025-09-13 17:51:05 [main] INFO  Log - the congig is loading
2025-09-13 17:51:05 [main] INFO  Log - the driver is intilizing
2025-09-13 17:51:06 [main] WARN  Log - the given step satred executing
2025-09-13 17:51:13 [main] INFO  Log - the driver  is tearing down
2025-09-13 17:51:13 [main] INFO  Log - the congig is loading
2025-09-13 17:51:13 [main] INFO  Log - the driver is intilizing
2025-09-13 17:51:14 [main] WARN  Log - the given step satred executing
2025-09-13 17:51:21 [main] INFO  Log - the driver  is tearing down
2025-09-13 17:51:55 [main] INFO  Log - the congig is loading
2025-09-13 17:51:55 [main] INFO  Log - the driver is intilizing
2025-09-13 17:51:56 [main] WARN  Log - the given step satred executing
2025-09-13 17:52:04 [main] INFO  Log - the driver  is tearing down
2025-09-13 17:52:04 [main] INFO  Log - the congig is loading
2025-09-13 17:52:04 [main] INFO  Log - the driver is intilizing
2025-09-13 17:52:05 [main] WARN  Log - the given step satred executing
2025-09-13 17:52:12 [main] INFO  Log - the driver  is tearing down
2025-09-13 17:52:12 [main] INFO  Log - the congig is loading
2025-09-13 17:52:12 [main] INFO  Log - the driver is intilizing
2025-09-13 17:52:12 [main] WARN  Log - the given step satred executing
2025-09-13 17:52:20 [main] INFO  Log - the driver  is tearing down
2025-09-13 17:52:20 [main] INFO  Log - the congig is loading
2025-09-13 17:52:20 [main] INFO  Log - the driver is intilizing
2025-09-13 17:52:20 [main] WARN  Log - the given step satred executing
2025-09-13 17:52:28 [main] INFO  Log - the driver  is tearing down
2025-09-13 17:52:28 [main] INFO  Log - the congig is loading
2025-09-13 17:52:28 [main] INFO  Log - the driver is intilizing
2025-09-13 17:52:29 [main] WARN  Log - the given step satred executing
2025-09-13 17:52:39 [main] INFO  Log - the driver  is tearing down
2025-09-13 17:53:22 [main] INFO  Log - the congig is loading
2025-09-13 17:53:22 [main] INFO  Log - the driver is intilizing
2025-09-13 17:53:23 [main] WARN  Log - the given step satred executing
2025-09-13 17:53:30 [main] INFO  Log - the driver  is tearing down
2025-09-13 17:53:30 [main] INFO  Log - the congig is loading
2025-09-13 17:53:30 [main] INFO  Log - the driver is intilizing
2025-09-13 17:53:31 [main] WARN  Log - the given step satred executing
2025-09-13 17:53:38 [main] INFO  Log - the driver  is tearing down
2025-09-13 17:53:38 [main] INFO  Log - the congig is loading
2025-09-13 17:53:38 [main] INFO  Log - the driver is intilizing
2025-09-13 17:53:39 [main] WARN  Log - the given step satred executing
2025-09-13 17:53:46 [main] INFO  Log - the driver  is tearing down
2025-09-13 17:53:46 [main] INFO  Log - the congig is loading
2025-09-13 17:53:46 [main] INFO  Log - the driver is intilizing
2025-09-13 17:53:46 [main] WARN  Log - the given step satred executing
2025-09-13 17:53:53 [main] INFO  Log - the driver  is tearing down
2025-09-13 17:53:54 [main] INFO  Log - the congig is loading
2025-09-13 17:53:54 [main] INFO  Log - the driver is intilizing
2025-09-13 17:53:54 [main] WARN  Log - the given step satred executing
2025-09-13 17:54:02 [main] INFO  Log - the driver  is tearing down
2025-09-13 17:59:56 [main] INFO  Log - the congig is loading
2025-09-13 17:59:56 [main] INFO  Log - the driver is intilizing
2025-09-13 17:59:58 [main] WARN  Log - the given step satred executing
2025-09-13 18:00:05 [main] INFO  Log - the driver  is tearing down
2025-09-13 18:00:06 [main] INFO  Log - the congig is loading
2025-09-13 18:00:06 [main] INFO  Log - the driver is intilizing
2025-09-13 18:00:06 [main] WARN  Log - the given step satred executing
2025-09-13 18:00:13 [main] INFO  Log - the driver  is tearing down
2025-09-13 18:00:14 [main] INFO  Log - the congig is loading
2025-09-13 18:00:14 [main] INFO  Log - the driver is intilizing
2025-09-13 18:00:14 [main] WARN  Log - the given step satred executing
2025-09-13 18:00:22 [main] INFO  Log - the driver  is tearing down
2025-09-13 18:00:22 [main] INFO  Log - the congig is loading
2025-09-13 18:00:22 [main] INFO  Log - the driver is intilizing
2025-09-13 18:00:23 [main] WARN  Log - the given step satred executing
2025-09-13 18:00:30 [main] INFO  Log - the driver  is tearing down
2025-09-13 18:00:30 [main] INFO  Log - the congig is loading
2025-09-13 18:00:30 [main] INFO  Log - the driver is intilizing
2025-09-13 18:00:31 [main] WARN  Log - the given step satred executing
2025-09-13 18:00:38 [main] INFO  Log - the driver  is tearing down
2025-09-13 18:01:29 [main] INFO  Log - the congig is loading
2025-09-13 18:01:29 [main] INFO  Log - the driver is intilizing
2025-09-13 18:01:31 [main] WARN  Log - the given step satred executing
2025-09-13 18:01:39 [main] INFO  Log - the driver  is tearing down
2025-09-13 18:01:39 [main] INFO  Log - the congig is loading
2025-09-13 18:01:39 [main] INFO  Log - the driver is intilizing
2025-09-13 18:01:41 [main] WARN  Log - the given step satred executing
2025-09-13 18:01:48 [main] INFO  Log - the driver  is tearing down
2025-09-15 17:34:38 [main] INFO  Log - the congig is loading
2025-09-15 17:34:38 [main] INFO  Log - the driver is intilizing
2025-09-15 17:34:41 [main] WARN  Log - the given step satred executing
2025-09-15 17:34:48 [main] INFO  Log - the driver  is tearing down
2025-09-15 17:36:49 [main] INFO  Log - the congig is loading
2025-09-15 17:36:49 [main] INFO  Log - the driver is intilizing
2025-09-15 17:36:51 [main] WARN  Log - the given step satred executing
2025-09-15 17:36:56 [main] ERROR Log - the screenshot is taking
2025-09-15 17:36:56 [main] INFO  Log - the driver  is tearing down
